<?xml version="1.0" encoding="UTF-8"?>
<!-- Generated by org.testng.reporters.JUnitReportReporter -->
<testsuite hostname="SurajSaini" failures="0" tests="1" name="com.flipkart.flipkartprojectsdet.FlipkartHomePageTest" time="119.400" errors="0" timestamp="2024-11-05T16:24:11 PST" skipped="0">
  <testcase classname="com.flipkart.flipkartprojectsdet.FlipkartHomePageTest" name="findIphoneBelowOneLakh" time="119.400"/>
  <system-out/>
</testsuite> <!-- com.flipkart.flipkartprojectsdet.FlipkartHomePageTest -->
