<?xml version="1.0" encoding="UTF-8"?>
<!-- Generated by org.testng.reporters.JUnitReportReporter -->
<testsuite hostname="SurajSaini" failures="0" tests="2" name="com.flipkart.flipkartprojectsdet.SearchPageTest" time="0.000" errors="0" timestamp="2024-10-26T23:22:39 PDT" skipped="2">
  <testcase classname="com.flipkart.flipkartprojectsdet.SearchPageTest" name="testSearchPrice" time="0.000">
    <skipped/>
  </testcase> <!-- testSearchPrice -->
  <system-out/>
  <testcase classname="com.flipkart.flipkartprojectsdet.SearchPageTest" name="testSearchResult" time="0.000">
    <skipped/>
  </testcase> <!-- testSearchResult -->
  <system-out/>
</testsuite> <!-- com.flipkart.flipkartprojectsdet.SearchPageTest -->
