<?xml version="1.0" encoding="UTF-8"?>
<!-- Generated by org.testng.reporters.JUnitReportReporter -->
<testsuite hostname="SurajSaini" failures="0" tests="2" name="com.flipkart.flipkartprojectsdet.FlipkartHomePageTest" time="165.525" errors="0" timestamp="2024-11-06T23:04:06 PST" skipped="0">
  <testcase classname="com.flipkart.flipkartprojectsdet.FlipkartHomePageTest" name="findIphoneBelowOneLakh" time="83.436"/>
  <system-out/>
  <testcase classname="com.flipkart.flipkartprojectsdet.FlipkartHomePageTest" name="findIphoneBelowOneLakh" time="82.089"/>
  <system-out/>
</testsuite> <!-- com.flipkart.flipkartprojectsdet.FlipkartHomePageTest -->
